2 3.045000 4 -0.000545
2 3.516063 3 0.005178
2 4.972464 6 0.003867
2 5.830731 12 -0.000708
2 6.090000 4 -0.000789
2 7.032126 3 0.003434
2 7.663082 12 -0.000109
2 7.862156 12 -0.000626
2 8.612560 12 -0.000930
3 3.516063 12 0.001937
3 4.972464 12 -0.000964
3 4.972464 12 -0.001053
3 4.972464 8 0.001711
3 5.830731 24 -0.000421
3 5.830731 48 0.001133
3 5.830731 24 -0.000568
3 5.830731 12 -0.001390
3 5.830731 24 -0.000327
3 6.090000 4 -0.008331
3 6.090000 24 0.000948
3 6.090000 24 0.000950
3 6.090000 24 0.001288
3 7.032126 24 0.000364
3 7.032126 3 0.000527
3 7.032126 12 0.000398
3 7.032126 12 -0.000427
3 7.663082 24 -0.001535
3 7.663082 24 -0.000631
3 7.663082 48 -0.000687
3 7.663082 12 0.002810
3 7.663082 48 0.000206
3 7.663082 24 0.000416
3 7.663082 24 0.000043
3 7.663082 48 -0.000245
4 3.516063 6 -0.000287
4 4.972464 6 0.000067
4 4.972464 24 0.000011
4 4.972464 3 0.000137
4 4.972464 8 -0.000358
4 4.972464 8 0.000805
4 4.972464 2 -0.001968
