1
0.000000
0

1
0.000000
1
0.500000 0.500000 0.500000

4
3.045000
2
0.500000 0.500000 0.500000
0.000000 0.000000 1.000000

3
3.516063
2
0.500000 0.500000 0.500000
-0.500000 0.500000 0.500000

6
4.972464
2
0.500000 0.500000 0.500000
-0.500000 -0.500000 0.500000

12
5.830731
2
0.500000 0.500000 0.500000
-1.000000 0.000000 -0.000000

4
6.090000
2
0.500000 0.500000 0.500000
-0.500000 -0.500000 -0.500000

3
7.032126
2
0.500000 0.500000 0.500000
-1.500000 0.500000 0.500000

12
7.663082
2
0.500000 0.500000 0.500000
-1.000000 0.000000 -1.000000

12
7.862156
2
0.500000 0.500000 0.500000
-1.500000 -0.500000 0.500000

12
8.612560
2
0.500000 0.500000 0.500000
-0.500000 -0.500000 -1.500000

12
3.516063
3
0.500000 0.500000 0.500000
0.000000 0.000000 0.000000
-0.500000 0.500000 0.500000

12
4.972464
3
0.500000 0.500000 0.500000
0.000000 0.000000 0.000000
-0.500000 -0.500000 0.500000

12
4.972464
3
0.500000 0.500000 0.500000
-0.500000 0.500000 0.500000
-0.500000 -0.500000 0.500000

8
4.972464
3
0.500000 0.500000 0.500000
-0.500000 0.500000 -0.500000
-0.500000 -0.500000 0.500000

24
5.830731
3
0.500000 0.500000 0.500000
0.000000 0.000000 0.000000
-1.000000 0.000000 -0.000000

48
5.830731
3
0.500000 0.500000 0.500000
0.000000 0.000000 1.000000
-1.000000 0.000000 -0.000000

24
5.830731
3
0.500000 0.500000 0.500000
0.500000 -0.500000 0.500000
-1.000000 0.000000 -0.000000

12
5.830731
3
0.500000 0.500000 0.500000
0.500000 -0.500000 -0.500000
-1.000000 0.000000 -0.000000

24
5.830731
3
0.500000 0.500000 0.500000
-0.500000 0.500000 1.500000
-1.000000 0.000000 -0.000000

4
6.090000
3
0.500000 0.500000 0.500000
0.000000 0.000000 0.000000
-0.500000 -0.500000 -0.500000

24
6.090000
3
0.500000 0.500000 0.500000
0.000000 0.000000 1.000000
-0.500000 -0.500000 -0.500000

24
6.090000
3
0.500000 0.500000 0.500000
-0.500000 0.500000 0.500000
-0.500000 -0.500000 -0.500000

24
6.090000
3
0.500000 0.500000 0.500000
-1.000000 0.000000 1.000000
-0.500000 -0.500000 -0.500000

24
7.032126
3
0.500000 0.500000 0.500000
0.000000 0.000000 0.000000
-1.500000 0.500000 0.500000

3
7.032126
3
0.500000 0.500000 0.500000
-0.500000 0.500000 0.500000
-1.500000 0.500000 0.500000

12
7.032126
3
0.500000 0.500000 0.500000
-0.500000 -0.500000 0.500000
-1.500000 0.500000 0.500000

12
7.032126
3
0.500000 0.500000 0.500000
-0.500000 -0.500000 -0.500000
-1.500000 0.500000 0.500000

24
7.663082
3
0.500000 0.500000 0.500000
0.000000 0.000000 0.000000
-1.000000 0.000000 -1.000000

24
7.663082
3
0.500000 0.500000 0.500000
0.000000 1.000000 0.000000
-1.000000 0.000000 -1.000000

48
7.663082
3
0.500000 0.500000 0.500000
-0.500000 0.500000 0.500000
-1.000000 0.000000 -1.000000

12
7.663082
3
0.500000 0.500000 0.500000
0.500000 -0.500000 0.500000
-1.000000 0.000000 -1.000000

48
7.663082
3
0.500000 0.500000 0.500000
-0.500000 -0.500000 0.500000
-1.000000 0.000000 -1.000000

24
7.663082
3
0.500000 0.500000 0.500000
-0.500000 1.500000 0.500000
-1.000000 0.000000 -1.000000

24
7.663082
3
0.500000 0.500000 0.500000
0.000000 -1.000000 -0.000000
-1.000000 0.000000 -1.000000

48
7.663082
3
0.500000 0.500000 0.500000
-1.000000 0.000000 1.000000
-1.000000 0.000000 -1.000000

6
3.516063
4
0.500000 0.500000 0.500000
0.000000 0.000000 1.000000
0.000000 0.000000 0.000000
-0.500000 0.500000 0.500000

6
4.972464
4
0.500000 0.500000 0.500000
0.000000 0.000000 1.000000
0.000000 0.000000 0.000000
-0.500000 -0.500000 0.500000

24
4.972464
4
0.500000 0.500000 0.500000
0.000000 0.000000 0.000000
-0.500000 0.500000 0.500000
-0.500000 -0.500000 0.500000

3
4.972464
4
0.500000 0.500000 0.500000
0.500000 -0.500000 0.500000
-0.500000 0.500000 0.500000
-0.500000 -0.500000 0.500000

8
4.972464
4
0.500000 0.500000 0.500000
0.000000 0.000000 0.000000
-0.500000 0.500000 -0.500000
-0.500000 -0.500000 0.500000

8
4.972464
4
0.500000 0.500000 0.500000
-0.500000 0.500000 0.500000
-0.500000 0.500000 -0.500000
-0.500000 -0.500000 0.500000

2
4.972464
4
0.500000 0.500000 0.500000
0.500000 -0.500000 -0.500000
-0.500000 0.500000 -0.500000
-0.500000 -0.500000 0.500000

