0.000000 0.000000 -0.001489 0.001489 1.000000 0
1.000000 -0.000000 -0.006017 0.006017 1.000000 1
0.500000 -0.017929 -0.013619 -0.004309 1.000000 2
0.500000 0.024369 0.025407 -0.001038 1.000000 3
0.333333 -0.015295 -0.016515 0.001221 1.000000 4
0.666667 -0.015725 -0.016994 0.001269 1.000000 5
0.333333 0.003449 0.003633 -0.000184 1.000000 6
0.666667 -0.010652 -0.009990 -0.000662 1.000000 7
0.333333 -0.028465 -0.028532 0.000067 5.000000 8
0.666667 -0.021367 -0.023327 0.001960 1.000000 9
0.500000 -0.013263 -0.007940 -0.005323 1.000000 11
0.500000 -0.017194 -0.015652 -0.001542 1.000000 14
0.500000 -0.013586 -0.011979 -0.001607 1.000000 17
0.750000 -0.008451 -0.007971 -0.000480 1.000000 18
0.750000 -0.003055 -0.002935 -0.000120 1.000000 20
0.250000 -0.014003 -0.015566 0.001563 1.000000 21
0.500000 -0.026865 -0.024175 -0.002690 2.000000 22
0.750000 -0.031976 -0.031994 0.000018 5.000000 23
0.250000 -0.010152 -0.013144 0.002992 1.000000 24
0.750000 -0.016046 -0.019042 0.002996 1.000000 25
0.250000 0.008893 0.010183 -0.001290 1.000000 26
0.500000 -0.011948 -0.012599 0.000651 1.000000 27
0.750000 -0.005925 -0.005057 -0.000868 1.000000 28
0.250000 0.006388 0.005898 0.000490 1.000000 13
0.250000 -0.006536 -0.005919 -0.000617 1.000000 16
0.250000 0.000799 0.001367 -0.000568 1.000000 19
0.400000 -0.003954 -0.004859 0.000905 1.000000 37
0.600000 -0.009521 -0.011296 0.001775 1.000000 39
0.800000 -0.012891 -0.012096 -0.000795 1.000000 44
0.200000 -0.013605 -0.008641 -0.004964 1.000000 45
0.400000 -0.023495 -0.017760 -0.005735 1.000000 46
0.400000 -0.020661 -0.018297 -0.002363 1.000000 47
0.600000 -0.025883 -0.029528 0.003645 2.000000 48
0.600000 -0.030062 -0.030816 0.000754 5.000000 49
0.800000 -0.034929 -0.033834 -0.001095 5.000000 50
0.400000 -0.009174 -0.010395 0.001221 1.000000 52
0.600000 -0.014008 -0.013119 -0.000889 1.000000 55
0.400000 -0.010220 -0.011278 0.001058 1.000000 31
0.600000 0.009820 0.007538 0.002282 1.000000 38
0.200000 -0.006442 -0.006125 -0.000317 1.000000 41
0.400000 -0.016498 -0.016672 0.000174 1.000000 53
0.600000 -0.015488 -0.014798 -0.000690 1.000000 54
0.800000 -0.007112 -0.009809 0.002697 1.000000 56
0.166667 0.000594 -0.001380 0.001974 1.000000 129
0.166667 -0.007957 -0.007563 -0.000394 1.000000 73
0.666667 -0.031719 -0.031848 0.000130 5.000000 86
0.333333 -0.021815 -0.022474 0.000660 1.000000 91
0.666667 -0.025255 -0.024337 -0.000918 1.000000 94
0.500000 -0.018365 -0.018868 0.000503 1.000000 60
0.333333 0.005046 0.003946 0.001100 1.000000 90
0.333333 -0.007536 -0.006297 -0.001239 1.000000 131
0.666667 -0.016629 -0.016306 -0.000323 1.000000 135
0.571429 -0.021988 -0.022490 0.000502 1.000000 191
0.428571 -0.013965 -0.013994 0.000029 1.000000 145
0.428571 -0.019954 -0.020052 0.000098 1.000000 220
0.714286 -0.020801 -0.021585 0.000784 1.000000 238
0.500000 -0.023773 -0.024884 0.001111 1.000000 366
0.500000 -0.001277 -0.000417 -0.000861 1.000000 542
0.666667 -0.024421 -0.024400 -0.000021 2.000000 751
