3.516063 0.000000 0.000000
0.000000 3.516063 0.000000
0.000000 0.000000 3.516063
0.500000 -0.500000 0.500000
0.500000 0.500000 -0.500000
-0.500000 0.500000 0.500000
0.500000 0.500000 0.500000 Nb
end

3.516063 0.000000 0.000000
0.000000 3.516063 0.000000
0.000000 0.000000 3.516063
0.000000 -1.000000 -1.000000
-1.000000 1.000000 0.000000
0.500000 0.500000 -0.500000
-0.500000 0.500000 -1.500000 Ti
0.000000 0.000000 -1.000000 Nb
-0.500000 0.500000 -0.500000 Nb
end

3.516063 0.000000 0.000000
0.000000 3.516063 0.000000
0.000000 0.000000 3.516063
1.500000 0.500000 1.500000
0.500000 1.500000 1.500000
-0.500000 -0.500000 0.500000
0.000000 0.000000 1.000000 Ti
0.500000 0.500000 1.500000 Ti
1.000000 1.000000 2.000000 Ti
1.500000 1.500000 2.500000 Ti
1.500000 1.500000 3.500000 Nb
end

3.516063 0.000000 0.000000
0.000000 3.516063 0.000000
0.000000 0.000000 3.516063
0.500000 -0.500000 0.500000
0.500000 0.500000 -0.500000
-0.500000 0.500000 0.500000
0.500000 0.500000 0.500000 Ti
end

