0.666667 0.000000 -0.040560 127 bg
0.666667 0.000000 -0.051970 ? ug
0.666667 0.000000 -0.042966 ? ug
0.666667 0.000000 -0.041175 79 bg
0.666667 0.000000 -0.034820 ? ug
0.714286 0.000000 -0.039587 212 bg
0.571429 0.000000 -0.037447 222 bg
0.714286 0.000000 -0.039358 ? ug
0.571429 0.000000 -0.036113 ? ug
0.714286 0.000000 -0.034318 ? ug
0.428571 0.000000 -0.032541 ? ug
0.571429 0.000000 -0.033866 ? ug
0.625000 0.000000 -0.033360 ? ug
0.500000 0.000000 -0.034715 ? ug
0.750000 0.000000 -0.033490 ? ug
0.500000 0.000000 -0.038911 ? ug
0.625000 0.000000 -0.035094 328 bg
0.500000 0.000000 -0.038083 342 bg
0.625000 0.000000 -0.043392 349 bg
0.750000 0.000000 -0.035011 ? ug
0.625000 0.000000 -0.032251 ? ug
0.750000 0.000000 -0.038070 ? ug
0.875000 0.000000 -0.026859 ? ug
0.625000 0.000000 -0.034342 ? ug
0.625000 0.000000 -0.031899 ? ug
0.625000 0.000000 -0.035607 ? ug
0.750000 0.000000 -0.040507 ? ug
0.625000 0.000000 -0.047240 ? ug
0.750000 0.000000 -0.045073 ? ug
0.625000 0.000000 -0.040487 ? ug
0.750000 0.000000 -0.048183 ? ug
0.500000 0.000000 -0.046028 507 bg
0.625000 0.000000 -0.040639 510 bg
0.625000 0.000000 -0.034805 515 bg
0.750000 0.000000 -0.033831 ? ug
0.500000 0.000000 -0.053012 ? ug
0.625000 0.000000 -0.048217 ? ug
0.750000 0.000000 -0.039893 ? ug
0.375000 0.000000 -0.030995 ? ug
0.500000 0.000000 -0.038282 ? ug
0.666667 0.000000 -0.032513 ? ug
0.666667 0.000000 -0.033403 ? ug
0.555556 0.000000 -0.032941 ? ug
0.555556 0.000000 -0.034016 ? ug
0.555556 0.000000 -0.031887 ? ug
0.666667 0.000000 -0.039049 ? ug
0.777778 0.000000 -0.033614 ? ug
0.444444 0.000000 -0.034867 ? ug
0.555556 0.000000 -0.046766 ? ug
0.666667 0.000000 -0.037191 ? ug
0.444444 0.000000 -0.031565 ? ug
0.555556 0.000000 -0.049517 ? ug
0.555556 0.000000 -0.040743 ? ug
0.666667 0.000000 -0.046769 ? ug
0.555556 0.000000 -0.040991 ? ug
0.555556 0.000000 -0.031352 859 bg
0.666667 0.000000 -0.039049 ? ug
0.777778 0.000000 -0.034380 ? ug
0.555556 0.000000 -0.032112 919 bg
0.555556 0.000000 -0.032524 ? ug
0.555556 0.000000 -0.031967 ? ug
0.666667 0.000000 -0.034915 ? ug
0.666667 0.000000 -0.037458 ? ug
0.777778 0.000000 -0.034570 ? ug
0.888889 0.000000 -0.024615 ? ug
0.555556 0.000000 -0.032042 ? ug
0.555556 0.000000 -0.038463 956 bg
0.555556 0.000000 -0.036386 ? ug
0.666667 0.000000 -0.034808 ? ug
0.555556 0.000000 -0.031777 ? ug
0.444444 0.000000 -0.031463 ? ug
0.555556 0.000000 -0.083409 ? ug
0.666667 0.000000 -0.053146 ? ug
0.555556 0.000000 -0.032795 ? ug
0.555556 0.000000 -0.033478 ? ug
0.666667 0.000000 -0.052744 ? ug
0.777778 0.000000 -0.045272 ? ug
0.777778 0.000000 -0.047132 ? ug
0.888889 0.000000 -0.024758 ? ug
0.555556 0.000000 -0.031880 ? ug
0.555556 0.000000 -0.087925 ? ug
0.666667 0.000000 -0.056007 ? ug
0.777778 0.000000 -0.049142 ? ug
0.888889 0.000000 -0.028628 ? ug
0.555556 0.000000 -0.037186 1087 bg
0.666667 0.000000 -0.032542 ? ug
0.777778 0.000000 -0.035198 1091 bg
0.555556 0.000000 -0.036827 ? ug
