0.250000 0.000000 -0.018544 ? u
0.750000 0.000000 0.001918 ? u
0.750000 0.000000 -0.010723 ? u
0.200000 0.000000 -0.015133 ? u
0.400000 0.000000 -0.015357 ? u
0.600000 0.000000 -0.015644 ? u
0.600000 0.000000 0.005379 ? u
0.800000 0.000000 0.000331 ? u
0.200000 0.000000 0.006176 ? u
0.400000 0.000000 0.013441 ? u
0.800000 0.000000 -0.007070 ? u
0.400000 0.000000 -0.021531 ? u
0.600000 0.000000 -0.024064 ? u
0.200000 0.000000 -0.008054 ? u
0.666667 0.000000 -0.040560 127 bg
0.333333 0.000000 0.001518 75 b
0.500000 0.000000 -0.023436 77 b
0.500000 0.000000 -0.022676 92 b
0.166667 0.000000 0.006036 ? u
0.333333 0.000000 0.013097 ? u
0.333333 0.000000 -0.006826 ? u
0.500000 0.000000 -0.015370 ? u
0.666667 0.000000 -0.051970 ? ug
0.666667 0.000000 0.008527 ? u
0.833333 0.000000 -0.020074 ? u
0.166667 0.000000 0.016524 ? u
0.333333 0.000000 0.008599 ? u
0.333333 0.000000 0.024992 ? u
0.500000 0.000000 0.006825 ? u
0.500000 0.000000 -0.012199 ? u
0.666667 0.000000 -0.002428 ? u
0.666667 0.000000 -0.042966 ? ug
0.833333 0.000000 -0.024220 ? u
0.333333 0.000000 -0.025739 ? u
0.500000 0.000000 -0.024545 ? u
0.666667 0.000000 -0.013627 ? u
0.666667 0.000000 -0.041175 79 bg
0.833333 0.000000 -0.022685 ? u
0.166667 0.000000 -0.009381 ? u
0.333333 0.000000 -0.017275 ? u
0.333333 0.000000 -0.014441 ? u
0.500000 0.000000 -0.020657 ? u
0.500000 0.000000 -0.024255 ? u
0.666667 0.000000 -0.024432 ? u
0.833333 0.000000 -0.022915 ? u
0.166667 0.000000 -0.007327 ? u
0.500000 0.000000 -0.017316 ? u
0.666667 0.000000 -0.003083 ? u
0.833333 0.000000 -0.011603 ? u
0.166667 0.000000 0.016483 ? u
0.333333 0.000000 -0.007244 ? u
0.333333 0.000000 0.019537 ? u
0.500000 0.000000 -0.006324 ? u
0.500000 0.000000 -0.024516 101 b
0.666667 0.000000 -0.019751 ? u
0.666667 0.000000 -0.034820 ? ug
0.833333 0.000000 -0.021488 ? u
0.166667 0.000000 -0.012859 ? u
0.333333 0.000000 -0.009646 ? u
0.333333 0.000000 -0.016902 ? u
0.500000 0.000000 0.000377 ? u
0.500000 0.000000 -0.013294 ? u
0.666667 0.000000 0.003479 ? u
0.666667 0.000000 -0.003261 ? u
0.833333 0.000000 -0.000727 ? u
0.166667 0.000000 0.004898 ? u
0.333333 0.000000 -0.002835 ? u
0.333333 0.000000 0.013316 ? u
0.500000 0.000000 -0.003027 ? u
0.500000 0.000000 -0.000711 ? u
0.666667 0.000000 -0.008156 ? u
0.666667 0.000000 0.004128 ? u
0.833333 0.000000 -0.006894 ? u
0.166667 0.000000 -0.006784 ? u
0.333333 0.000000 -0.018988 ? u
0.333333 0.000000 0.000536 ? u
0.500000 0.000000 -0.020371 ? u
0.500000 0.000000 -0.022912 ? u
0.666667 0.000000 -0.017989 ? u
0.833333 0.000000 -0.026663 ? u
0.333333 0.000000 -0.009656 ? u
0.500000 0.000000 -0.015894 ? u
0.500000 0.000000 -0.007250 ? u
0.666667 0.000000 -0.011440 ? u
0.833333 0.000000 -0.011814 ? u
0.428571 0.000000 -0.005064 190 b
0.714286 0.000000 -0.039587 212 bg
0.571429 0.000000 -0.037447 222 bg
0.714286 0.000000 -0.031978 223 b
0.857143 0.000000 -0.025813 224 b
0.571429 0.000000 -0.022047 237 b
0.142857 0.000000 0.005877 ? u
0.285714 0.000000 -0.011379 ? u
0.285714 0.000000 -0.002607 ? u
0.428571 0.000000 -0.015263 ? u
0.285714 0.000000 0.011006 ? u
0.428571 0.000000 -0.006710 ? u
0.571429 0.000000 0.000714 ? u
0.428571 0.000000 -0.017402 ? u
0.571429 0.000000 -0.023997 ? u
0.571429 0.000000 -0.030878 ? u
0.714286 0.000000 -0.007212 ? u
0.571429 0.000000 -0.023094 149 b
0.714286 0.000000 -0.019140 ? u
0.714286 0.000000 -0.039358 ? ug
0.857143 0.000000 -0.016327 ? u
0.142857 0.000000 -0.011234 ? u
0.285714 0.000000 -0.014700 ? u
0.285714 0.000000 -0.017674 ? u
0.428571 0.000000 -0.014860 ? u
0.285714 0.000000 -0.008481 ? u
0.428571 0.000000 -0.014913 ? u
0.571429 0.000000 -0.015066 ? u
0.428571 0.000000 0.000111 ? u
0.428571 0.000000 -0.011615 ? u
0.571429 0.000000 -0.003016 ? u
0.571429 0.000000 -0.000536 ? u
0.714286 0.000000 -0.003655 ? u
0.571429 0.000000 -0.011820 ? u
0.714286 0.000000 -0.006188 ? u
0.714286 0.000000 0.002123 ? u
0.857143 0.000000 -0.001483 ? u
0.142857 0.000000 0.003986 ? u
0.285714 0.000000 0.012455 ? u
0.285714 0.000000 0.004927 ? u
0.428571 0.000000 0.016860 ? u
0.285714 0.000000 -0.002642 ? u
0.428571 0.000000 0.003034 ? u
0.571429 0.000000 0.012643 ? u
0.428571 0.000000 -0.001554 ? u
0.428571 0.000000 -0.007387 ? u
0.571429 0.000000 -0.001094 ? u
0.571429 0.000000 -0.001517 ? u
0.714286 0.000000 0.004616 ? u
0.571429 0.000000 -0.013226 ? u
0.714286 0.000000 -0.010409 ? u
0.714286 0.000000 -0.007850 ? u
0.857143 0.000000 -0.006769 184 b
0.142857 0.000000 -0.004428 ? u
0.285714 0.000000 -0.006693 ? u
0.285714 0.000000 -0.014476 ? u
0.428571 0.000000 -0.027682 ? u
0.285714 0.000000 -0.011102 ? u
0.428571 0.000000 -0.027413 ? u
0.428571 0.000000 -0.026740 ? u
0.571429 0.000000 -0.036113 ? ug
0.571429 0.000000 -0.019128 ? u
0.714286 0.000000 -0.034318 ? ug
0.571429 0.000000 -0.010373 ? u
0.714286 0.000000 -0.022843 ? u
0.714286 0.000000 -0.024459 ? u
0.857143 0.000000 -0.022172 ? u
0.142857 0.000000 -0.005496 ? u
0.285714 0.000000 0.004245 ? u
0.285714 0.000000 -0.020591 ? u
0.428571 0.000000 -0.016045 ? u
0.285714 0.000000 -0.014855 ? u
0.428571 0.000000 -0.007584 ? u
0.571429 0.000000 -0.024451 ? u
0.428571 0.000000 -0.019603 ? u
0.428571 0.000000 -0.032541 ? ug
0.571429 0.000000 -0.033866 ? ug
0.571429 0.000000 -0.009804 ? u
0.571429 0.000000 -0.013507 ? u
0.714286 0.000000 -0.027748 ? u
0.714286 0.000000 -0.013042 ? u
0.857143 0.000000 -0.023182 ? u
0.142857 0.000000 -0.007774 ? u
0.285714 0.000000 -0.015233 ? u
0.428571 0.000000 -0.025236 ? u
0.571429 0.000000 -0.024587 ? u
0.142857 0.000000 0.001231 ? u
0.285714 0.000000 -0.005030 ? u
0.285714 0.000000 -0.015179 ? u
0.428571 0.000000 -0.020331 ? u
0.285714 0.000000 0.013811 ? u
0.428571 0.000000 -0.004447 ? u
0.571429 0.000000 -0.011048 ? u
0.428571 0.000000 0.008677 ? u
0.428571 0.000000 -0.019283 ? u
0.571429 0.000000 -0.016027 ? u
0.571429 0.000000 -0.001324 ? u
0.714286 0.000000 -0.006627 ? u
0.714286 0.000000 -0.019116 ? u
0.857143 0.000000 -0.013707 ? u
0.125000 0.000000 -0.010016 ? u
0.250000 0.000000 -0.007607 ? u
0.250000 0.000000 -0.013049 ? u
0.375000 0.000000 -0.000089 ? u
0.250000 0.000000 -0.015651 ? u
0.375000 0.000000 -0.013235 ? u
0.500000 0.000000 -0.000655 ? u
0.375000 0.000000 -0.013242 ? u
0.375000 0.000000 -0.016081 ? u
0.500000 0.000000 -0.005717 ? u
0.500000 0.000000 -0.013422 ? u
0.625000 0.000000 -0.001221 ? u
0.375000 0.000000 -0.015791 ? u
0.500000 0.000000 -0.002832 ? u
0.500000 0.000000 -0.013375 ? u
0.500000 0.000000 -0.015971 ? u
0.625000 0.000000 -0.003391 ? u
0.625000 0.000000 -0.003011 ? u
0.750000 0.000000 0.001105 ? u
0.625000 0.000000 -0.005851 ? u
0.625000 0.000000 -0.016151 ? u
0.750000 0.000000 -0.003950 ? u
0.750000 0.000000 -0.006166 ? u
0.875000 0.000000 -0.002050 ? u
0.125000 0.000000 -0.004995 ? u
0.250000 0.000000 0.004027 ? u
0.250000 0.000000 -0.015635 ? u
0.375000 0.000000 -0.021799 ? u
0.375000 0.000000 -0.002538 ? u
0.250000 0.000000 -0.012719 ? u
0.375000 0.000000 -0.023381 ? u
0.375000 0.000000 -0.006615 ? u
0.500000 0.000000 -0.021324 ? u
0.500000 0.000000 -0.023750 ? u
0.500000 0.000000 -0.010236 ? u
0.625000 0.000000 -0.027203 ? u
0.375000 0.000000 -0.015909 ? u
0.500000 0.000000 -0.018350 ? u
0.625000 0.000000 -0.033360 ? ug
0.500000 0.000000 -0.010453 ? u
0.500000 0.000000 -0.034715 ? ug
0.625000 0.000000 -0.029091 ? u
0.625000 0.000000 -0.006499 ? u
0.750000 0.000000 -0.033490 ? ug
0.625000 0.000000 -0.023073 ? u
0.750000 0.000000 -0.029429 ? u
0.750000 0.000000 -0.011699 ? u
0.875000 0.000000 -0.021036 ? u
0.125000 0.000000 -0.002258 ? u
0.250000 0.000000 0.000867 ? u
0.375000 0.000000 -0.008569 ? u
0.250000 0.000000 -0.015577 ? u
0.250000 0.000000 -0.000029 ? u
0.375000 0.000000 -0.019878 ? u
0.375000 0.000000 -0.027451 ? u
0.375000 0.000000 -0.000929 ? u
0.500000 0.000000 -0.021895 ? u
0.375000 0.000000 -0.010158 ? u
0.500000 0.000000 -0.017524 ? u
0.625000 0.000000 -0.028029 ? u
0.500000 0.000000 -0.038911 ? ug
0.500000 0.000000 -0.004398 ? u
0.625000 0.000000 -0.025889 ? u
0.500000 0.000000 -0.018923 ? u
0.500000 0.000000 -0.008797 ? u
0.625000 0.000000 -0.029698 ? u
0.625000 0.000000 -0.017165 ? u
0.625000 0.000000 -0.008954 ? u
0.750000 0.000000 -0.026564 ? u
0.750000 0.000000 -0.018551 ? u
0.750000 0.000000 -0.025017 ? u
0.875000 0.000000 -0.019575 ? u
0.125000 0.000000 -0.000891 ? u
0.250000 0.000000 -0.008573 ? u
0.250000 0.000000 0.003909 ? u
0.250000 0.000000 -0.006415 ? u
0.375000 0.000000 -0.005324 ? u
0.375000 0.000000 -0.008043 ? u
0.500000 0.000000 -0.006925 ? u
0.375000 0.000000 -0.009271 ? u
0.375000 0.000000 -0.012261 ? u
0.500000 0.000000 -0.018576 ? u
0.375000 0.000000 -0.017620 ? u
0.500000 0.000000 -0.016858 ? u
0.500000 0.000000 -0.013292 ? u
0.625000 0.000000 -0.013311 ? u
0.500000 0.000000 -0.022383 ? u
0.625000 0.000000 -0.035094 328 bg
0.500000 0.000000 -0.015918 ? u
0.625000 0.000000 -0.025117 ? u
0.750000 0.000000 -0.032202 ? u
0.625000 0.000000 -0.018548 ? u
0.625000 0.000000 -0.011514 ? u
0.750000 0.000000 -0.027581 ? u
0.750000 0.000000 -0.012756 ? u
0.875000 0.000000 -0.017928 ? u
0.125000 0.000000 -0.000003 ? u
0.250000 0.000000 0.002316 ? u
0.250000 0.000000 -0.008430 ? u
0.375000 0.000000 -0.018319 ? u
0.375000 0.000000 -0.022066 ? u
0.500000 0.000000 -0.038083 342 bg
0.375000 0.000000 -0.009376 ? u
0.375000 0.000000 -0.013351 ? u
0.500000 0.000000 -0.026636 ? u
0.500000 0.000000 -0.020101 346 b
0.625000 0.000000 -0.031138 ? u
0.500000 0.000000 -0.029101 ? u
0.625000 0.000000 -0.043392 349 bg
0.625000 0.000000 -0.030379 ? u
0.750000 0.000000 -0.035011 ? ug
0.625000 0.000000 -0.032251 ? ug
0.750000 0.000000 -0.038070 ? ug
0.875000 0.000000 -0.026859 ? ug
0.125000 0.000000 0.000456 ? u
0.250000 0.000000 0.001591 ? u
0.375000 0.000000 -0.009348 ? u
0.375000 0.000000 -0.012504 ? u
0.500000 0.000000 -0.020585 ? u
0.375000 0.000000 -0.008688 ? u
0.375000 0.000000 -0.021682 ? u
0.500000 0.000000 -0.020279 ? u
0.500000 0.000000 -0.019973 ? u
0.625000 0.000000 -0.025921 ? u
0.625000 0.000000 -0.013587 ? u
0.625000 0.000000 -0.034342 ? ug
0.625000 0.000000 -0.023337 ? u
0.750000 0.000000 -0.032317 ? u
0.875000 0.000000 -0.020960 ? u
0.125000 0.000000 -0.006045 ? u
0.250000 0.000000 -0.014355 ? u
0.250000 0.000000 -0.006281 ? u
0.375000 0.000000 -0.012711 ? u
0.375000 0.000000 -0.015540 ? u
0.500000 0.000000 -0.021168 ? u
0.375000 0.000000 -0.021359 ? u
0.375000 0.000000 -0.012310 ? u
0.500000 0.000000 -0.018513 ? u
0.500000 0.000000 -0.022777 ? u
0.625000 0.000000 -0.014559 ? u
0.500000 0.000000 -0.018897 ? u
0.625000 0.000000 -0.026337 ? u
0.625000 0.000000 -0.028346 ? u
0.750000 0.000000 -0.025812 ? u
0.625000 0.000000 -0.012010 ? u
0.750000 0.000000 -0.025518 ? u
0.875000 0.000000 -0.017458 ? u
0.125000 0.000000 -0.006045 ? u
0.250000 0.000000 -0.006281 ? u
0.375000 0.000000 -0.015540 ? u
0.375000 0.000000 -0.021359 ? u
0.375000 0.000000 -0.014436 ? u
0.375000 0.000000 -0.010585 ? u
0.500000 0.000000 -0.018513 ? u
0.500000 0.000000 -0.025816 ? u
0.500000 0.000000 -0.018129 ? u
0.625000 0.000000 -0.014559 ? u
0.625000 0.000000 -0.012010 ? u
0.500000 0.000000 -0.018897 ? u
0.625000 0.000000 -0.031899 ? ug
0.625000 0.000000 -0.022784 ? u
0.750000 0.000000 -0.025812 ? u
0.875000 0.000000 -0.017458 ? u
0.125000 0.000000 0.006200 ? u
0.250000 0.000000 -0.008338 ? u
0.250000 0.000000 -0.007014 ? u
0.375000 0.000000 -0.020202 ? u
0.250000 0.000000 0.028307 ? u
0.375000 0.000000 0.015370 ? u
0.375000 0.000000 0.002984 ? u
0.375000 0.000000 -0.006606 ? u
0.500000 0.000000 -0.011883 ? u
0.375000 0.000000 -0.010851 ? u
0.500000 0.000000 -0.013416 ? u
0.500000 0.000000 -0.007432 ? u
0.500000 0.000000 -0.023258 ? u
0.625000 0.000000 -0.004605 ? u
0.625000 0.000000 -0.035607 ? ug
0.500000 0.000000 -0.011579 ? u
0.625000 0.000000 -0.019655 ? u
0.500000 0.000000 -0.014033 ? u
0.625000 0.000000 -0.022713 ? u
0.750000 0.000000 -0.012431 ? u
0.625000 0.000000 -0.017543 ? u
0.750000 0.000000 -0.007398 ? u
0.750000 0.000000 -0.040507 ? ug
0.875000 0.000000 -0.013795 ? u
0.125000 0.000000 0.006641 ? u
0.250000 0.000000 -0.002276 ? u
0.250000 0.000000 0.011564 ? u
0.250000 0.000000 0.022283 ? u
0.375000 0.000000 0.002632 ? u
0.375000 0.000000 -0.001041 ? u
0.500000 0.000000 -0.015637 ? u
0.375000 0.000000 -0.021967 ? u
0.375000 0.000000 0.011493 ? u
0.500000 0.000000 -0.013862 ? u
0.375000 0.000000 0.015288 ? u
0.500000 0.000000 0.000651 ? u
0.500000 0.000000 0.003103 ? u
0.625000 0.000000 -0.013353 ? u
0.500000 0.000000 0.011470 ? u
0.625000 0.000000 0.007018 ? u
0.500000 0.000000 -0.017556 ? u
0.625000 0.000000 -0.012128 ? u
0.750000 0.000000 -0.005328 ? u
0.625000 0.000000 -0.047240 ? ug
0.750000 0.000000 -0.045073 ? ug
0.625000 0.000000 0.004669 ? u
0.750000 0.000000 -0.005453 ? u
0.875000 0.000000 -0.014073 ? u
0.125000 0.000000 0.006641 ? u
0.250000 0.000000 0.003698 ? u
0.250000 0.000000 0.030149 ? u
0.375000 0.000000 -0.001041 ? u
0.375000 0.000000 -0.021967 ? u
0.375000 0.000000 0.003720 ? u
0.375000 0.000000 0.003955 ? u
0.500000 0.000000 -0.001727 ? u
0.375000 0.000000 0.020414 ? u
0.500000 0.000000 -0.011483 ? u
0.500000 0.000000 -0.003186 ? u
0.500000 0.000000 -0.009348 ? u
0.625000 0.000000 -0.013353 ? u
0.625000 0.000000 0.004669 ? u
0.500000 0.000000 -0.003043 ? u
0.625000 0.000000 0.015234 ? u
0.625000 0.000000 -0.019613 ? u
0.750000 0.000000 -0.002218 ? u
0.625000 0.000000 -0.040487 ? ug
0.750000 0.000000 -0.048183 ? ug
0.875000 0.000000 -0.014073 ? u
0.125000 0.000000 -0.004447 ? u
0.375000 0.000000 -0.014347 ? u
0.250000 0.000000 -0.012939 ? u
0.250000 0.000000 -0.002887 ? u
0.375000 0.000000 -0.017800 ? u
0.375000 0.000000 0.001230 ? u
0.500000 0.000000 -0.017836 ? u
0.375000 0.000000 -0.011586 ? u
0.500000 0.000000 -0.020450 ? u
0.625000 0.000000 -0.021685 ? u
0.500000 0.000000 -0.025863 ? u
0.500000 0.000000 -0.016314 ? u
0.625000 0.000000 -0.027400 ? u
0.625000 0.000000 -0.021671 ? u
0.625000 0.000000 0.004240 ? u
0.750000 0.000000 -0.032114 ? u
0.750000 0.000000 -0.008968 ? u
0.875000 0.000000 -0.016821 ? u
0.125000 0.000000 -0.003801 ? u
0.375000 0.000000 -0.012571 ? u
0.375000 0.000000 0.005994 ? u
0.500000 0.000000 -0.011402 ? u
0.500000 0.000000 -0.015307 ? u
0.625000 0.000000 -0.015774 ? u
0.625000 0.000000 0.004387 ? u
0.875000 0.000000 -0.009779 ? u
0.125000 0.000000 -0.006091 ? u
0.250000 0.000000 -0.016590 ? u
0.250000 0.000000 -0.008580 ? u
0.375000 0.000000 -0.025084 ? u
0.375000 0.000000 -0.011451 ? u
0.500000 0.000000 -0.024772 ? u
0.375000 0.000000 -0.016688 ? u
0.500000 0.000000 -0.046028 507 bg
0.375000 0.000000 -0.022059 ? u
0.500000 0.000000 -0.023672 ? u
0.625000 0.000000 -0.040639 510 bg
0.500000 0.000000 -0.009003 ? u
0.625000 0.000000 -0.017247 ? u
0.625000 0.000000 -0.016469 ? u
0.750000 0.000000 -0.018134 ? u
0.625000 0.000000 -0.034805 515 bg
0.750000 0.000000 -0.033831 ? ug
0.875000 0.000000 -0.022571 517 b
0.125000 0.000000 0.013202 ? u
0.250000 0.000000 -0.004532 ? u
0.250000 0.000000 0.019214 ? u
0.375000 0.000000 -0.019219 ? u
0.375000 0.000000 -0.001208 ? u
0.375000 0.000000 0.004676 ? u
0.375000 0.000000 0.011494 ? u
0.500000 0.000000 -0.005825 ? u
0.500000 0.000000 -0.028947 ? u
0.500000 0.000000 0.007801 ? u
0.625000 0.000000 -0.018116 ? u
0.625000 0.000000 0.016063 ? u
0.500000 0.000000 -0.053012 ? ug
0.625000 0.000000 -0.048217 ? ug
0.750000 0.000000 -0.012976 ? u
0.625000 0.000000 -0.028716 ? u
0.750000 0.000000 -0.039893 ? ug
0.875000 0.000000 -0.021955 ? u
0.125000 0.000000 0.003302 ? u
0.250000 0.000000 -0.002498 ? u
0.250000 0.000000 0.010712 ? u
0.375000 0.000000 -0.001546 539 b
0.250000 0.000000 0.005222 ? u
0.375000 0.000000 0.003566 ? u
0.375000 0.000000 -0.003276 ? u
0.375000 0.000000 0.016339 ? u
0.500000 0.000000 0.002230 ? u
0.500000 0.000000 -0.006783 ? u
0.625000 0.000000 -0.002080 ? u
0.375000 0.000000 0.009763 ? u
0.500000 0.000000 -0.005697 ? u
0.500000 0.000000 0.005819 ? u
0.500000 0.000000 0.006760 ? u
0.625000 0.000000 -0.000015 ? u
0.625000 0.000000 -0.011997 ? u
0.750000 0.000000 -0.007621 ? u
0.625000 0.000000 0.009448 ? u
0.625000 0.000000 0.000965 ? u
0.750000 0.000000 0.003287 ? u
0.750000 0.000000 -0.008165 ? u
0.875000 0.000000 -0.006675 ? u
0.125000 0.000000 0.017079 ? u
0.250000 0.000000 0.026464 ? u
0.375000 0.000000 0.008049 ? u
0.375000 0.000000 0.003080 ? u
0.375000 0.000000 0.006292 ? u
0.500000 0.000000 0.001331 ? u
0.500000 0.000000 -0.016264 ? u
0.500000 0.000000 -0.014636 ? u
0.625000 0.000000 -0.024933 ? u
0.625000 0.000000 -0.020531 ? u
0.750000 0.000000 -0.032831 ? u
0.625000 0.000000 0.018932 ? u
0.875000 0.000000 -0.018677 ? u
0.125000 0.000000 -0.002642 ? u
0.250000 0.000000 -0.013304 ? u
0.250000 0.000000 -0.004313 ? u
0.375000 0.000000 -0.030995 ? ug
0.250000 0.000000 -0.008592 ? u
0.375000 0.000000 -0.006359 ? u
0.500000 0.000000 -0.026658 ? u
0.375000 0.000000 -0.006737 ? u
0.375000 0.000000 0.009400 ? u
0.500000 0.000000 -0.010127 ? u
0.500000 0.000000 0.003056 ? u
0.625000 0.000000 -0.009454 ? u
0.375000 0.000000 -0.022656 ? u
0.500000 0.000000 -0.038282 ? ug
0.500000 0.000000 -0.006367 ? u
0.500000 0.000000 -0.022851 ? u
0.625000 0.000000 -0.030555 ? u
0.625000 0.000000 -0.015894 ? u
0.750000 0.000000 -0.018345 ? u
0.625000 0.000000 0.005704 ? u
0.625000 0.000000 -0.009916 ? u
0.750000 0.000000 -0.008293 ? u
0.750000 0.000000 -0.022435 ? u
0.875000 0.000000 -0.011678 ? u
0.125000 0.000000 0.003652 ? u
0.250000 0.000000 0.000109 ? u
0.375000 0.000000 -0.006637 ? u
0.375000 0.000000 -0.004305 ? u
0.375000 0.000000 0.010502 ? u
0.375000 0.000000 -0.001974 ? u
0.500000 0.000000 -0.004003 ? u
0.500000 0.000000 -0.015785 ? u
0.500000 0.000000 -0.012438 ? u
0.625000 0.000000 -0.019390 ? u
0.500000 0.000000 -0.013109 ? u
0.625000 0.000000 -0.015562 ? u
0.625000 0.000000 -0.016368 ? u
0.750000 0.000000 -0.023047 ? u
0.625000 0.000000 0.008801 ? u
0.875000 0.000000 -0.013861 ? u
0.125000 0.000000 0.002245 ? u
0.250000 0.000000 0.002550 ? u
0.250000 0.000000 -0.002202 ? u
0.375000 0.000000 -0.006754 ? u
0.375000 0.000000 0.008684 ? u
0.375000 0.000000 -0.005208 ? u
0.375000 0.000000 -0.009104 ? u
0.500000 0.000000 -0.006219 ? u
0.500000 0.000000 -0.012560 ? u
0.500000 0.000000 -0.020097 ? u
0.625000 0.000000 -0.020703 ? u
0.500000 0.000000 -0.017542 ? u
0.625000 0.000000 -0.021584 ? u
0.625000 0.000000 -0.016397 ? u
0.750000 0.000000 -0.025169 ? u
0.625000 0.000000 0.008403 ? u
0.750000 0.000000 -0.005203 ? u
0.875000 0.000000 -0.014670 ? u
0.111111 0.000000 -0.009069 ? u
0.222222 0.000000 -0.011764 ? u
0.222222 0.000000 -0.016649 ? u
0.333333 0.000000 -0.014460 ? u
0.222222 0.000000 -0.014078 ? u
0.333333 0.000000 -0.016773 ? u
0.444444 0.000000 -0.014585 ? u
0.222222 0.000000 -0.006927 ? u
0.333333 0.000000 -0.011930 ? u
0.333333 0.000000 -0.014507 ? u
0.444444 0.000000 -0.014626 ? u
0.444444 0.000000 -0.016933 ? u
0.555556 0.000000 -0.014744 ? u
0.333333 0.000000 -0.000245 ? u
0.333333 0.000000 -0.011936 ? u
0.444444 0.000000 -0.005248 ? u
0.444444 0.000000 -0.005254 ? u
0.444444 0.000000 -0.012060 ? u
0.555556 0.000000 -0.005372 ? u
0.444444 0.000000 -0.000748 ? u
0.555556 0.000000 -0.005751 ? u
0.666667 0.000000 -0.005869 ? u
0.444444 0.000000 -0.014368 ? u
0.555556 0.000000 -0.007679 ? u
0.444444 0.000000 -0.012096 ? u
0.444444 0.000000 -0.009794 ? u
0.555556 0.000000 -0.005413 ? u
0.555556 0.000000 -0.014527 ? u
0.555556 0.000000 -0.012220 ? u
0.666667 0.000000 -0.007839 ? u
0.555556 0.000000 -0.001251 ? u
0.555556 0.000000 -0.003186 ? u
0.666667 0.000000 -0.003683 ? u
0.666667 0.000000 -0.001754 ? u
0.777778 0.000000 -0.004180 ? u
0.555556 0.000000 -0.000541 ? u
0.666667 0.000000 0.003840 ? u
0.666667 0.000000 -0.003345 ? u
0.777778 0.000000 0.001036 ? u
0.777778 0.000000 -0.006150 ? u
0.777778 0.000000 0.000314 ? u
0.888889 0.000000 -0.002491 ? u
0.111111 0.000000 -0.004605 ? u
0.222222 0.000000 0.003828 ? u
0.222222 0.000000 -0.013620 ? u
0.222222 0.000000 -0.011471 ? u
0.333333 0.000000 -0.005188 ? u
0.222222 0.000000 -0.011719 ? u
0.333333 0.000000 -0.012762 ? u
0.444444 0.000000 -0.010061 ? u
0.333333 0.000000 0.000689 ? u
0.333333 0.000000 -0.016670 ? u
0.444444 0.000000 -0.009992 ? u
0.444444 0.000000 -0.015506 ? u
0.555556 0.000000 -0.022044 ? u
0.333333 0.000000 -0.021178 ? u
0.444444 0.000000 -0.024372 ? u
0.444444 0.000000 -0.026493 ? u
0.444444 0.000000 -0.011592 ? u
0.555556 0.000000 -0.022637 ? u
0.444444 0.000000 -0.020910 ? u
0.555556 0.000000 -0.019961 ? u
0.333333 0.000000 -0.013894 ? u
0.444444 0.000000 -0.015879 ? u
0.444444 0.000000 -0.025265 ? u
0.555556 0.000000 -0.030433 ? u
0.555556 0.000000 -0.030920 ? u
0.555556 0.000000 -0.018036 ? u
0.666667 0.000000 -0.032513 ? ug
0.444444 0.000000 -0.008187 ? u
0.555556 0.000000 -0.015416 ? u
0.555556 0.000000 -0.025731 ? u
0.555556 0.000000 -0.027865 ? u
0.666667 0.000000 -0.020440 ? u
0.555556 0.000000 -0.007444 ? u
0.666667 0.000000 -0.024423 ? u
0.777778 0.000000 -0.025137 ? u
0.666667 0.000000 -0.033403 ? ug
0.666667 0.000000 -0.030926 ? u
0.777778 0.000000 -0.033016 ? u
0.666667 0.000000 -0.006032 ? u
0.777778 0.000000 -0.030024 ? u
0.777778 0.000000 -0.011068 ? u
0.888889 0.000000 -0.019368 ? u
0.111111 0.000000 0.000822 ? u
0.222222 0.000000 -0.007241 ? u
0.222222 0.000000 -0.009533 ? u
0.333333 0.000000 -0.028077 ? u
0.222222 0.000000 0.010969 ? u
0.333333 0.000000 0.002138 ? u
0.444444 0.000000 -0.017039 ? u
0.222222 0.000000 -0.000641 ? u
0.333333 0.000000 -0.004182 ? u
0.333333 0.000000 -0.021073 ? u
0.444444 0.000000 -0.024428 ? u
0.444444 0.000000 0.003409 ? u
0.555556 0.000000 -0.016278 ? u
0.333333 0.000000 -0.007248 ? u
0.333333 0.000000 -0.004100 ? u
0.444444 0.000000 -0.024461 ? u
0.444444 0.000000 -0.009866 ? u
0.444444 0.000000 0.004844 ? u
0.555556 0.000000 -0.015776 ? u
0.444444 0.000000 -0.012527 ? u
0.555556 0.000000 -0.018233 ? u
0.666667 0.000000 -0.013497 ? u
0.444444 0.000000 -0.010322 ? u
0.555556 0.000000 -0.029313 ? u
0.444444 0.000000 -0.015178 ? u
0.444444 0.000000 -0.026336 ? u
0.555556 0.000000 -0.032941 ? ug
0.555556 0.000000 -0.009326 ? u
0.555556 0.000000 -0.034016 ? ug
0.666667 0.000000 -0.028135 ? u
0.555556 0.000000 -0.031887 ? ug
0.555556 0.000000 -0.016844 ? u
0.666667 0.000000 -0.025273 ? u
0.666667 0.000000 -0.039049 ? ug
0.777778 0.000000 -0.023598 ? u
0.555556 0.000000 -0.015932 ? u
0.666667 0.000000 -0.027153 ? u
0.777778 0.000000 -0.023677 ? u
0.777778 0.000000 -0.024418 ? u
0.777778 0.000000 -0.033614 ? ug
0.888889 0.000000 -0.020459 ? u
0.111111 0.000000 -0.004402 ? u
0.222222 0.000000 -0.001447 ? u
0.222222 0.000000 -0.005763 ? u
0.222222 0.000000 -0.008154 ? u
0.333333 0.000000 0.002389 ? u
0.222222 0.000000 -0.018085 ? u
0.333333 0.000000 -0.014262 ? u
0.333333 0.000000 -0.016716 ? u
0.333333 0.000000 -0.027438 ? u
0.444444 0.000000 -0.024780 ? u
0.333333 0.000000 -0.012975 ? u
0.444444 0.000000 -0.022083 ? u
0.444444 0.000000 -0.034867 ? ug
0.555556 0.000000 -0.046766 ? ug
0.444444 0.000000 0.001112 ? u
0.333333 0.000000 -0.020423 ? u
0.444444 0.000000 -0.018262 ? u
0.444444 0.000000 -0.020296 ? u
0.444444 0.000000 -0.014878 ? u
0.555556 0.000000 -0.011346 ? u
0.444444 0.000000 -0.018146 ? u
0.444444 0.000000 0.006076 ? u
0.555556 0.000000 -0.013335 ? u
0.555556 0.000000 -0.023597 ? u
0.555556 0.000000 -0.028507 ? u
0.555556 0.000000 -0.018560 ? u
0.666667 0.000000 -0.028069 ? u
0.444444 0.000000 -0.012154 ? u
0.555556 0.000000 -0.024175 ? u
0.555556 0.000000 -0.030433 ? u
0.555556 0.000000 -0.011988 ? u
0.666667 0.000000 -0.037191 ? ug
0.666667 0.000000 -0.015272 ? u
0.666667 0.000000 -0.016730 ? u
0.777778 0.000000 -0.027785 ? u
0.555556 0.000000 -0.014434 ? u
0.666667 0.000000 -0.015414 ? u
0.777778 0.000000 -0.029626 ? u
0.666667 0.000000 -0.008579 ? u
0.777778 0.000000 -0.018808 ? u
0.777778 0.000000 -0.008252 ? u
0.888889 0.000000 -0.016116 ? u
0.111111 0.000000 -0.004025 ? u
0.222222 0.000000 -0.007009 ? u
0.222222 0.000000 -0.006065 ? u
0.333333 0.000000 0.001874 ? u
0.222222 0.000000 -0.010842 ? u
0.333333 0.000000 -0.014369 ? u
0.333333 0.000000 -0.016063 ? u
0.444444 0.000000 -0.026756 ? u
0.444444 0.000000 -0.031565 ? ug
0.555556 0.000000 -0.049517 ? ug
0.444444 0.000000 0.002919 ? u
0.444444 0.000000 -0.026698 ? u
0.444444 0.000000 0.001328 ? u
0.555556 0.000000 -0.018991 ? u
0.444444 0.000000 -0.019267 ? u
0.555556 0.000000 -0.040743 ? ug
0.555556 0.000000 -0.015514 ? u
0.666667 0.000000 -0.046769 ? ug
0.444444 0.000000 -0.001961 ? u
0.555556 0.000000 -0.003031 ? u
0.555556 0.000000 -0.017929 ? u
0.666667 0.000000 -0.016995 ? u
0.555556 0.000000 0.002466 ? u
0.666667 0.000000 -0.012337 ? u
0.777778 0.000000 -0.027655 ? u
0.777778 0.000000 -0.002850 ? u
0.777778 0.000000 -0.024370 ? u
0.888889 0.000000 -0.015855 ? u
0.111111 0.000000 -0.002135 ? u
0.222222 0.000000 -0.008899 ? u
0.222222 0.000000 -0.004973 ? u
0.222222 0.000000 -0.003408 ? u
0.333333 0.000000 -0.014187 ? u
0.222222 0.000000 -0.004196 ? u
0.333333 0.000000 -0.005548 ? u
0.333333 0.000000 -0.008823 ? u
0.444444 0.000000 -0.024866 ? u
0.444444 0.000000 -0.011172 ? u
0.444444 0.000000 -0.003528 837 b
0.444444 0.000000 -0.019088 ? u
0.555556 0.000000 -0.020881 ? u
0.333333 0.000000 -0.005877 ? u
0.444444 0.000000 -0.016054 ? u
0.333333 0.000000 -0.016357 ? u
0.444444 0.000000 -0.012972 ? u
0.555556 0.000000 -0.025610 ? u
0.333333 0.000000 -0.006689 ? u
0.444444 0.000000 -0.006592 ? u
0.444444 0.000000 -0.011264 847 b
0.555556 0.000000 -0.015351 ? u
0.555556 0.000000 -0.007226 ? u
0.444444 0.000000 -0.025009 ? u
0.555556 0.000000 -0.013372 851 b
0.555556 0.000000 -0.021310 ? u
0.666667 0.000000 -0.015190 ? u
0.444444 0.000000 -0.019429 ? u
0.555556 0.000000 -0.040991 ? ug
0.555556 0.000000 -0.018988 ? u
0.555556 0.000000 -0.017266 ? u
0.666667 0.000000 -0.030870 ? u
0.555556 0.000000 -0.031352 859 bg
0.666667 0.000000 -0.030041 ? u
0.777778 0.000000 -0.025765 ? u
0.666667 0.000000 -0.011791 ? u
0.666667 0.000000 -0.017426 ? u
0.777778 0.000000 -0.013728 ? u
0.666667 0.000000 -0.029236 865 b
0.777778 0.000000 -0.030356 ? u
0.777778 0.000000 -0.022131 ? u
0.888889 0.000000 -0.017745 ? u
0.111111 0.000000 0.005346 ? u
0.222222 0.000000 0.006979 ? u
0.222222 0.000000 -0.005294 ? u
0.222222 0.000000 -0.006033 ? u
0.333333 0.000000 -0.010451 ? u
0.222222 0.000000 0.018744 ? u
0.333333 0.000000 0.011801 ? u
0.333333 0.000000 -0.003341 ? u
0.444444 0.000000 -0.003842 ? u
0.444444 0.000000 0.002737 ? u
0.444444 0.000000 -0.000328 ? u
0.444444 0.000000 -0.020055 ? u
0.555556 0.000000 -0.008456 ? u
0.333333 0.000000 -0.010079 ? u
0.333333 0.000000 -0.019930 ? u
0.444444 0.000000 -0.023997 ? u
0.444444 0.000000 -0.005280 ? u
0.555556 0.000000 -0.018262 ? u
0.333333 0.000000 0.009198 ? u
0.444444 0.000000 -0.006508 ? u
0.444444 0.000000 -0.005739 ? u
0.444444 0.000000 -0.016181 ? u
0.555556 0.000000 -0.008609 ? u
0.555556 0.000000 -0.004348 ? u
0.555556 0.000000 -0.015208 ? u
0.555556 0.000000 -0.017588 ? u
0.666667 0.000000 -0.005718 ? u
0.444444 0.000000 -0.016561 ? u
0.555556 0.000000 -0.028837 ? u
0.555556 0.000000 -0.017391 ? u
0.555556 0.000000 -0.009801 ? u
0.666667 0.000000 -0.024299 ? u
0.555556 0.000000 -0.027043 ? u
0.666667 0.000000 -0.020543 ? u
0.777778 0.000000 -0.014181 ? u
0.666667 0.000000 -0.013634 ? u
0.666667 0.000000 -0.013320 ? u
0.777778 0.000000 -0.010613 ? u
0.666667 0.000000 -0.039049 ? ug
0.777778 0.000000 -0.034380 ? ug
0.777778 0.000000 -0.010262 ? u
0.888889 0.000000 -0.012931 ? u
0.111111 0.000000 -0.000682 ? u
0.222222 0.000000 -0.002976 ? u
0.222222 0.000000 -0.014077 913 b
0.333333 0.000000 -0.014671 ? u
0.333333 0.000000 -0.011439 ? u
0.444444 0.000000 -0.024100 ? u
0.444444 0.000000 -0.025330 ? u
0.444444 0.000000 -0.023543 ? u
0.555556 0.000000 -0.032112 919 bg
0.444444 0.000000 -0.020980 ? u
0.555556 0.000000 -0.032524 ? ug
0.555556 0.000000 -0.031967 ? ug
0.555556 0.000000 -0.025271 ? u
0.666667 0.000000 -0.034915 ? ug
0.777778 0.000000 -0.031412 ? u
0.666667 0.000000 -0.037458 ? ug
0.777778 0.000000 -0.034570 ? ug
0.888889 0.000000 -0.024615 ? ug
0.111111 0.000000 -0.005194 ? u
0.222222 0.000000 -0.011545 ? u
0.222222 0.000000 -0.011730 ? u
0.333333 0.000000 -0.020174 ? u
0.222222 0.000000 -0.004725 ? u
0.222222 0.000000 -0.011754 ? u
0.333333 0.000000 -0.010441 ? u
0.333333 0.000000 -0.014826 ? u
0.333333 0.000000 -0.019032 ? u
0.444444 0.000000 -0.020733 ? u
0.444444 0.000000 -0.023202 ? u
0.444444 0.000000 -0.010532 ? u
0.555556 0.000000 -0.016754 ? u
0.333333 0.000000 -0.021799 ? u
0.333333 0.000000 -0.013360 ? u
0.444444 0.000000 -0.024714 ? u
0.444444 0.000000 -0.020691 ? u
0.444444 0.000000 -0.025068 ? u
0.555556 0.000000 -0.022923 ? u
0.444444 0.000000 -0.016185 ? u
0.555556 0.000000 -0.025384 ? u
0.666667 0.000000 -0.015473 ? u
0.444444 0.000000 -0.025227 ? u
0.444444 0.000000 -0.020650 ? u
0.555556 0.000000 -0.032042 ? ug
0.444444 0.000000 -0.010658 ? u
0.555556 0.000000 -0.019908 ? u
0.555556 0.000000 -0.038463 956 bg
0.555556 0.000000 -0.024506 ? u
0.666667 0.000000 -0.028902 ? u
0.555556 0.000000 -0.036386 ? ug
0.555556 0.000000 -0.024328 ? u
0.666667 0.000000 -0.031121 ? u
0.666667 0.000000 -0.024713 ? u
0.777778 0.000000 -0.022422 ? u
0.555556 0.000000 -0.025762 ? u
0.666667 0.000000 -0.028062 ? u
0.666667 0.000000 -0.034808 ? ug
0.777778 0.000000 -0.023374 ? u
0.777778 0.000000 -0.029601 ? u
0.777778 0.000000 -0.033155 ? u
0.888889 0.000000 -0.020464 970 b
0.111111 0.000000 0.016221 ? u
0.222222 0.000000 0.025601 ? u
0.222222 0.000000 0.007478 ? u
0.222222 0.000000 0.007506 ? u
0.333333 0.000000 -0.002347 ? u
0.333333 0.000000 0.002159 ? u
0.444444 0.000000 -0.003832 ? u
0.222222 0.000000 0.027237 ? u
0.333333 0.000000 0.024121 ? u
0.333333 0.000000 0.022729 ? u
0.444444 0.000000 -0.025895 ? u
0.333333 0.000000 -0.008671 ? u
0.444444 0.000000 0.002914 ? u
0.555556 0.000000 -0.031777 ? ug
0.444444 0.000000 0.009022 ? u
0.333333 0.000000 -0.008403 ? u
0.444444 0.000000 -0.031463 ? ug
0.444444 0.000000 -0.002295 ? u
0.555556 0.000000 -0.008796 ? u
0.444444 0.000000 0.038871 ? u
0.444444 0.000000 0.006210 ? u
0.555556 0.000000 -0.010432 ? u
0.444444 0.000000 -0.027833 993 b
0.555556 0.000000 -0.083409 ? ug
0.555556 0.000000 -0.018723 995 b
0.555556 0.000000 -0.028705 ? u
0.666667 0.000000 -0.053146 ? ug
0.555556 0.000000 0.008115 ? u
0.444444 0.000000 -0.004699 ? u
0.555556 0.000000 -0.032795 ? ug
0.555556 0.000000 -0.001066 ? u
0.666667 0.000000 -0.013370 ? u
0.666667 0.000000 -0.002182 ? u
0.666667 0.000000 -0.022514 ? u
0.777778 0.000000 -0.019471 ? u
0.555556 0.000000 -0.033478 ? ug
0.666667 0.000000 -0.052744 ? ug
0.777778 0.000000 -0.045272 ? ug
0.666667 0.000000 -0.013731 ? u
0.777778 0.000000 -0.017650 ? u
0.777778 0.000000 -0.047132 ? ug
0.888889 0.000000 -0.024758 ? ug
0.111111 0.000000 0.022108 ? u
0.222222 0.000000 0.018150 ? u
0.222222 0.000000 0.031488 ? u
0.333333 0.000000 0.005941 ? u
0.333333 0.000000 0.029625 ? u
0.444444 0.000000 -0.000513 ? u
0.444444 0.000000 0.045628 ? u
0.555556 0.000000 0.016866 ? u
0.444444 0.000000 0.012142 ? u
0.444444 0.000000 -0.028642 ? u
0.555556 0.000000 -0.010719 ? u
0.444444 0.000000 -0.024886 ? u
0.555556 0.000000 -0.031880 ? ug
0.555556 0.000000 -0.009424 ? u
0.666667 0.000000 -0.015829 ? u
0.555556 0.000000 -0.087925 ? ug
0.666667 0.000000 -0.056007 ? ug
0.777778 0.000000 -0.024286 ? u
0.777778 0.000000 -0.049142 ? ug
0.888889 0.000000 -0.028628 ? ug
0.111111 0.000000 0.002769 ? u
0.222222 0.000000 0.009356 ? u
0.222222 0.000000 0.006052 ? u
0.333333 0.000000 0.015333 ? u
0.222222 0.000000 0.004477 ? u
0.333333 0.000000 0.010088 ? u
0.444444 0.000000 0.018759 ? u
0.222222 0.000000 -0.002386 ? u
0.333333 0.000000 0.003004 ? u
0.333333 0.000000 -0.000078 ? u
0.444444 0.000000 0.008006 ? u
0.444444 0.000000 0.007419 ? u
0.555556 0.000000 0.015480 ? u
0.333333 0.000000 -0.001539 ? u
0.333333 0.000000 -0.002102 ? u
0.444444 0.000000 0.002792 ? u
0.444444 0.000000 -0.002231 ? u
0.444444 0.000000 0.000510 ? u
0.555556 0.000000 0.004795 ? u
0.444444 0.000000 -0.000536 ? u
0.555556 0.000000 0.002821 ? u
0.666667 0.000000 0.009236 ? u
0.444444 0.000000 0.000737 ? u
0.555556 0.000000 0.004573 ? u
0.444444 0.000000 -0.005220 ? u
0.444444 0.000000 -0.009656 ? u
0.555556 0.000000 -0.006407 ? u
0.555556 0.000000 -0.003804 ? u
0.555556 0.000000 -0.002769 ? u
0.666667 0.000000 -0.000578 ? u
0.555556 0.000000 -0.001039 ? u
0.555556 0.000000 -0.004226 ? u
0.666667 0.000000 -0.000682 ? u
0.666667 0.000000 -0.002517 ? u
0.777778 0.000000 0.002253 ? u
0.555556 0.000000 -0.013232 ? u
0.666667 0.000000 -0.011041 ? u
0.666667 0.000000 -0.009826 ? u
0.777778 0.000000 -0.008693 ? u
0.777778 0.000000 -0.007926 ? u
0.777778 0.000000 -0.007443 ? u
0.888889 0.000000 -0.006602 ? u
0.111111 0.000000 -0.005223 ? u
0.222222 0.000000 -0.009749 ? u
0.333333 0.000000 -0.020358 ? u
0.222222 0.000000 -0.010826 ? u
0.333333 0.000000 -0.013054 ? u
0.444444 0.000000 -0.022817 ? u
0.444444 0.000000 -0.023393 ? u
0.444444 0.000000 -0.010973 ? u
0.555556 0.000000 -0.022493 ? u
0.555556 0.000000 -0.025182 ? u
0.666667 0.000000 -0.022951 ? u
0.444444 0.000000 -0.028078 ? u
0.555556 0.000000 -0.037186 1087 bg
0.555556 0.000000 -0.020227 ? u
0.666667 0.000000 -0.032542 ? ug
0.777778 0.000000 -0.024751 ? u
0.777778 0.000000 -0.035198 1091 bg
0.888889 0.000000 -0.020609 1092 b
0.111111 0.000000 -0.001273 ? u
0.222222 0.000000 -0.008462 ? u
0.222222 0.000000 0.004489 ? u
0.333333 0.000000 -0.013489 ? u
0.222222 0.000000 -0.009754 ? u
0.333333 0.000000 -0.007742 ? u
0.444444 0.000000 -0.022971 ? u
0.222222 0.000000 0.001292 ? u
0.333333 0.000000 -0.007760 ? u
0.333333 0.000000 0.018948 ? u
0.444444 0.000000 0.002877 ? u
0.444444 0.000000 -0.003600 1104 b
0.555556 0.000000 -0.009497 ? u
0.333333 0.000000 -0.005916 ? u
0.333333 0.000000 -0.007180 ? u
0.444444 0.000000 -0.018344 ? u
0.444444 0.000000 0.001160 ? u
0.444444 0.000000 -0.015748 ? u
0.555556 0.000000 -0.017699 ? u
0.444444 0.000000 -0.008154 ? u
0.555556 0.000000 -0.000905 ? u
0.666667 0.000000 -0.009486 ? u
0.444444 0.000000 -0.022875 ? u
0.555556 0.000000 -0.036827 ? ug
0.444444 0.000000 -0.012587 ? u
0.444444 0.000000 0.013635 ? u
0.555556 0.000000 -0.001159 ? u
0.555556 0.000000 -0.020607 ? u
0.555556 0.000000 -0.002128 ? u
0.666667 0.000000 -0.018763 ? u
0.555556 0.000000 -0.019306 ? u
0.555556 0.000000 -0.013258 ? u
0.666667 0.000000 -0.023649 ? u
0.666667 0.000000 -0.004316 ? u
0.777778 0.000000 -0.017181 ? u
0.555556 0.000000 0.005857 ? u
0.666667 0.000000 -0.005261 ? u
0.666667 0.000000 -0.001438 ? u
0.777778 0.000000 -0.007816 ? u
0.777778 0.000000 -0.016112 ? u
0.777778 0.000000 -0.006456 ? u
0.888889 0.000000 -0.009809 ? u
0.100000 0.000000 -0.008311 ? u
